app/build/intermediates/manifest_merge_blame_file/debug/manifest-merger-blame-debug-report.txt
1<?xml version="1.0" encoding="utf-8"?>
2<manifest xmlns:android="http://schemas.android.com/apk/res/android"
3    package="com.financeflow"
4    android:versionCode="45"
5    android:versionName="1.44" >
6
7    <uses-sdk
8        android:minSdkVersion="21"
8-->src/main/AndroidManifest.xml
9        android:targetSdkVersion="33" />
9-->src/main/AndroidManifest.xml
10
11    <uses-permission android:name="android.permission.INTERNET" />
11-->src/main/AndroidManifest.xml:6:5-67
11-->src/main/AndroidManifest.xml:6:22-64
12    <uses-permission android:name="android.permission.ACCESS_NETWORK_STATE" />
12-->src/main/AndroidManifest.xml:7:5-79
12-->src/main/AndroidManifest.xml:7:22-76
13    <uses-permission android:name="android.permission.WRITE_EXTERNAL_STORAGE" />
13-->src/main/AndroidManifest.xml:8:5-80
13-->src/main/AndroidManifest.xml:8:22-78
14    <uses-permission android:name="android.permission.READ_EXTERNAL_STORAGE" />
14-->src/main/AndroidManifest.xml:9:5-79
14-->src/main/AndroidManifest.xml:9:22-77
15    <uses-permission android:name="android.permission.CAMERA" />
15-->src/main/AndroidManifest.xml:10:5-64
15-->src/main/AndroidManifest.xml:10:22-62
16
17    <uses-feature
17-->src/main/AndroidManifest.xml:11:5-12:35
18        android:name="android.hardware.camera"
18-->src/main/AndroidManifest.xml:11:19-57
19        android:required="true" />
19-->src/main/AndroidManifest.xml:12:9-32
20
21    <uses-permission android:name="android.permission.ACCESS_NETWORK_STATE" />
21-->src/main/AndroidManifest.xml:7:5-79
21-->src/main/AndroidManifest.xml:7:22-76
22
23    <supports-screens
23-->src/main/AndroidManifest.xml:16:5-20:36
24        android:anyDensity="true"
24-->src/main/AndroidManifest.xml:20:9-34
25        android:largeScreens="true"
25-->src/main/AndroidManifest.xml:17:9-36
26        android:normalScreens="true"
26-->src/main/AndroidManifest.xml:18:9-37
27        android:smallScreens="true" />
27-->src/main/AndroidManifest.xml:19:9-36
28
29    <queries>
29-->src/main/AndroidManifest.xml:22:5-27:15
30        <intent>
30-->src/main/AndroidManifest.xml:23:9-26:18
31            <action android:name="android.support.customtabs.action.CustomTabsService" />
31-->src/main/AndroidManifest.xml:24:13-25:73
31-->src/main/AndroidManifest.xml:24:21-105
32        </intent>
33
34        <package android:name="in.amazon.mShop.android.shopping" />
34-->[in.payu:upisdk:1.5.3] AndroidManifest.xml:15:9-68
34-->[in.payu:upisdk:1.5.3] AndroidManifest.xml:15:18-65
35        <package android:name="com.upi.axispay" />
35-->[in.payu:upisdk:1.5.3] AndroidManifest.xml:16:9-51
35-->[in.payu:upisdk:1.5.3] AndroidManifest.xml:16:18-48
36        <package android:name="com.axis.mobile" />
36-->[in.payu:upisdk:1.5.3] AndroidManifest.xml:17:9-51
36-->[in.payu:upisdk:1.5.3] AndroidManifest.xml:17:18-48
37        <package android:name="com.fisglobal.bandhanupi.app" />
37-->[in.payu:upisdk:1.5.3] AndroidManifest.xml:18:9-64
37-->[in.payu:upisdk:1.5.3] AndroidManifest.xml:18:18-61
38        <package android:name="com.bankofbaroda.upi" />
38-->[in.payu:upisdk:1.5.3] AndroidManifest.xml:19:9-56
38-->[in.payu:upisdk:1.5.3] AndroidManifest.xml:19:18-53
39        <package android:name="in.org.npci.upiapp" />
39-->[in.payu:upisdk:1.5.3] AndroidManifest.xml:20:9-54
39-->[in.payu:upisdk:1.5.3] AndroidManifest.xml:20:18-51
40        <package android:name="com.canarabank.mobility" />
40-->[in.payu:upisdk:1.5.3] AndroidManifest.xml:21:9-59
40-->[in.payu:upisdk:1.5.3] AndroidManifest.xml:21:18-56
41        <package android:name="com.citiuat" />
41-->[in.payu:upisdk:1.5.3] AndroidManifest.xml:22:9-47
41-->[in.payu:upisdk:1.5.3] AndroidManifest.xml:22:18-44
42        <package android:name="com.dbs.in.digitalbank" />
42-->[in.payu:upisdk:1.5.3] AndroidManifest.xml:23:9-58
42-->[in.payu:upisdk:1.5.3] AndroidManifest.xml:23:18-55
43        <package android:name="com.olive.dcb.upi" />
43-->[in.payu:upisdk:1.5.3] AndroidManifest.xml:24:9-53
43-->[in.payu:upisdk:1.5.3] AndroidManifest.xml:24:18-50
44        <package android:name="com.finopaytech.bpayfino" />
44-->[in.payu:upisdk:1.5.3] AndroidManifest.xml:25:9-60
44-->[in.payu:upisdk:1.5.3] AndroidManifest.xml:25:18-57
45        <package android:name="com.freecharge.android" />
45-->[in.payu:upisdk:1.5.3] AndroidManifest.xml:26:9-58
45-->[in.payu:upisdk:1.5.3] AndroidManifest.xml:26:18-55
46        <package android:name="com.google.android.apps.nbu.paisa.user" />
46-->[in.payu:upisdk:1.5.3] AndroidManifest.xml:27:9-74
46-->[in.payu:upisdk:1.5.3] AndroidManifest.xml:27:18-71
47        <package android:name="com.snapwork.hdfc" />
47-->[in.payu:upisdk:1.5.3] AndroidManifest.xml:28:9-53
47-->[in.payu:upisdk:1.5.3] AndroidManifest.xml:28:18-50
48        <package android:name="com.mgs.hsbcupi" />
48-->[in.payu:upisdk:1.5.3] AndroidManifest.xml:29:9-51
48-->[in.payu:upisdk:1.5.3] AndroidManifest.xml:29:18-48
49        <package android:name="com.csam.icici.bank.imobile" />
49-->[in.payu:upisdk:1.5.3] AndroidManifest.xml:30:9-63
49-->[in.payu:upisdk:1.5.3] AndroidManifest.xml:30:18-60
50        <package android:name="com.icicibank.pockets" />
50-->[in.payu:upisdk:1.5.3] AndroidManifest.xml:31:9-57
50-->[in.payu:upisdk:1.5.3] AndroidManifest.xml:31:18-54
51        <package android:name="com.euronet.iobupi" />
51-->[in.payu:upisdk:1.5.3] AndroidManifest.xml:32:9-54
51-->[in.payu:upisdk:1.5.3] AndroidManifest.xml:32:18-51
52        <package android:name="com.mgs.induspsp" />
52-->[in.payu:upisdk:1.5.3] AndroidManifest.xml:33:9-52
52-->[in.payu:upisdk:1.5.3] AndroidManifest.xml:33:18-49
53        <package android:name="com.fss.jnkpsp" />
53-->[in.payu:upisdk:1.5.3] AndroidManifest.xml:34:9-50
53-->[in.payu:upisdk:1.5.3] AndroidManifest.xml:34:18-47
54        <package android:name="com.jio.myjio" />
54-->[in.payu:upisdk:1.5.3] AndroidManifest.xml:35:9-49
54-->[in.payu:upisdk:1.5.3] AndroidManifest.xml:35:18-46
55        <package android:name="com.mycompany.kvb" />
55-->[in.payu:upisdk:1.5.3] AndroidManifest.xml:36:9-53
55-->[in.payu:upisdk:1.5.3] AndroidManifest.xml:36:18-50
56        <package android:name="com.kvb.mobilebanking" />
56-->[in.payu:upisdk:1.5.3] AndroidManifest.xml:37:9-57
56-->[in.payu:upisdk:1.5.3] AndroidManifest.xml:37:18-54
57        <package android:name="com.lcode.smartz" />
57-->[in.payu:upisdk:1.5.3] AndroidManifest.xml:38:9-52
57-->[in.payu:upisdk:1.5.3] AndroidManifest.xml:38:18-49
58        <package android:name="com.msf.kbank.mobile" />
58-->[in.payu:upisdk:1.5.3] AndroidManifest.xml:39:9-56
58-->[in.payu:upisdk:1.5.3] AndroidManifest.xml:39:18-53
59        <package android:name="com.upi.federalbank.org.lotza" />
59-->[in.payu:upisdk:1.5.3] AndroidManifest.xml:40:9-65
59-->[in.payu:upisdk:1.5.3] AndroidManifest.xml:40:18-62
60        <package android:name="com.infrasofttech.mahaupi" />
60-->[in.payu:upisdk:1.5.3] AndroidManifest.xml:41:9-61
60-->[in.payu:upisdk:1.5.3] AndroidManifest.xml:41:18-58
61        <package android:name="com.mipay.in.wallet" />
61-->[in.payu:upisdk:1.5.3] AndroidManifest.xml:42:9-55
61-->[in.payu:upisdk:1.5.3] AndroidManifest.xml:42:18-52
62        <package android:name="com.myairtelapp" />
62-->[in.payu:upisdk:1.5.3] AndroidManifest.xml:43:9-51
62-->[in.payu:upisdk:1.5.3] AndroidManifest.xml:43:18-48
63        <package android:name="com.mobikwik_new" />
63-->[in.payu:upisdk:1.5.3] AndroidManifest.xml:44:9-52
63-->[in.payu:upisdk:1.5.3] AndroidManifest.xml:44:18-49
64        <package android:name="com.onymy.paybee.prod" />
64-->[in.payu:upisdk:1.5.3] AndroidManifest.xml:45:9-57
64-->[in.payu:upisdk:1.5.3] AndroidManifest.xml:45:18-54
65        <package android:name="net.one97.paytm" />
65-->[in.payu:upisdk:1.5.3] AndroidManifest.xml:46:9-51
65-->[in.payu:upisdk:1.5.3] AndroidManifest.xml:46:18-48
66        <package android:name="com.phonepe.app" />
66-->[in.payu:upisdk:1.5.3] AndroidManifest.xml:47:9-51
66-->[in.payu:upisdk:1.5.3] AndroidManifest.xml:47:18-48
67        <package android:name="com.Version1" />
67-->[in.payu:upisdk:1.5.3] AndroidManifest.xml:48:9-48
67-->[in.payu:upisdk:1.5.3] AndroidManifest.xml:48:18-45
68        <package android:name="com.samsung.android.spay" />
68-->[in.payu:upisdk:1.5.3] AndroidManifest.xml:49:9-60
68-->[in.payu:upisdk:1.5.3] AndroidManifest.xml:49:18-57
69        <package android:name="com.sbi.upi" />
69-->[in.payu:upisdk:1.5.3] AndroidManifest.xml:50:9-47
69-->[in.payu:upisdk:1.5.3] AndroidManifest.xml:50:18-44
70        <package android:name="com.SIBMobile" />
70-->[in.payu:upisdk:1.5.3] AndroidManifest.xml:51:9-49
70-->[in.payu:upisdk:1.5.3] AndroidManifest.xml:51:18-46
71        <package android:name="com.truecaller" />
71-->[in.payu:upisdk:1.5.3] AndroidManifest.xml:52:9-50
71-->[in.payu:upisdk:1.5.3] AndroidManifest.xml:52:18-47
72        <package android:name="com.infrasoft.uboi" />
72-->[in.payu:upisdk:1.5.3] AndroidManifest.xml:53:9-54
72-->[in.payu:upisdk:1.5.3] AndroidManifest.xml:53:18-51
73        <package android:name="com.lcode.ucoupi" />
73-->[in.payu:upisdk:1.5.3] AndroidManifest.xml:54:9-52
73-->[in.payu:upisdk:1.5.3] AndroidManifest.xml:54:18-49
74        <package android:name="com.YesBank" />
74-->[in.payu:upisdk:1.5.3] AndroidManifest.xml:55:9-47
74-->[in.payu:upisdk:1.5.3] AndroidManifest.xml:55:18-44
75        <package android:name="com.dreamplug.androidapp" />
75-->[in.payu:upisdk:1.5.3] AndroidManifest.xml:56:9-60
75-->[in.payu:upisdk:1.5.3] AndroidManifest.xml:56:18-57
76        <package android:name="money.bullet" />
76-->[in.payu:upisdk:1.5.3] AndroidManifest.xml:57:9-48
76-->[in.payu:upisdk:1.5.3] AndroidManifest.xml:57:18-45
77    </queries>
78
79    <uses-permission android:name="android.permission.ACCESS_WIFI_STATE" />
79-->[in.payu:payu-checkout-pro-ui:1.7.2] AndroidManifest.xml:13:5-76
79-->[in.payu:payu-checkout-pro-ui:1.7.2] AndroidManifest.xml:13:22-73
80    <uses-permission android:name="android.permission.WAKE_LOCK" />
80-->[com.netcore.android:smartech-push:3.2.3] AndroidManifest.xml:11:5-68
80-->[com.netcore.android:smartech-push:3.2.3] AndroidManifest.xml:11:22-65
81    <uses-permission android:name="android.permission.FOREGROUND_SERVICE" />
81-->[com.netcore.android:smartech-push:3.2.3] AndroidManifest.xml:12:5-77
81-->[com.netcore.android:smartech-push:3.2.3] AndroidManifest.xml:12:22-74
82    <uses-permission android:name="android.permission.RECEIVE_BOOT_COMPLETED" /> <!-- Required by older versions of Google Play services to create IID tokens -->
82-->[androidx.work:work-runtime:2.7.0-alpha05] AndroidManifest.xml:27:5-81
82-->[androidx.work:work-runtime:2.7.0-alpha05] AndroidManifest.xml:27:22-78
83    <uses-permission android:name="com.google.android.c2dm.permission.RECEIVE" />
83-->[com.google.firebase:firebase-messaging:23.0.0] AndroidManifest.xml:25:5-82
83-->[com.google.firebase:firebase-messaging:23.0.0] AndroidManifest.xml:25:22-79
84    <uses-permission android:name="com.google.android.finsky.permission.BIND_GET_INSTALL_REFERRER_SERVICE" />
84-->[com.google.android.gms:play-services-measurement:20.0.0] AndroidManifest.xml:26:5-110
84-->[com.google.android.gms:play-services-measurement:20.0.0] AndroidManifest.xml:26:22-107
85    <uses-permission android:name="android.permission.BLUETOOTH" />
85-->[com.dyteclientmobile:library:0.20.1] AndroidManifest.xml:12:5-68
85-->[com.dyteclientmobile:library:0.20.1] AndroidManifest.xml:12:22-65
86    <uses-permission android:name="android.permission.BLUETOOTH_CONNECT" />
86-->[com.dyteclientmobile:library:0.20.1] AndroidManifest.xml:13:5-76
86-->[com.dyteclientmobile:library:0.20.1] AndroidManifest.xml:13:22-73
87    <uses-permission android:name="android.permission.MODIFY_AUDIO_SETTINGS" />
87-->[com.dyteclientmobile:library:0.20.1] AndroidManifest.xml:16:5-80
87-->[com.dyteclientmobile:library:0.20.1] AndroidManifest.xml:16:22-77
88    <uses-permission android:name="android.permission.RECORD_AUDIO" />
88-->[com.dyteclientmobile:library:0.20.1] AndroidManifest.xml:17:5-71
88-->[com.dyteclientmobile:library:0.20.1] AndroidManifest.xml:17:22-68
89    <uses-permission android:name="android.permission.SYSTEM_ALERT_WINDOW" />
89-->[com.dyteclientmobile:library:0.20.1] AndroidManifest.xml:18:5-78
89-->[com.dyteclientmobile:library:0.20.1] AndroidManifest.xml:18:22-75
90    <uses-permission android:name="android.permission.MICROPHONE" />
90-->[com.dyteclientmobile:library:0.20.1] AndroidManifest.xml:23:5-69
90-->[com.dyteclientmobile:library:0.20.1] AndroidManifest.xml:23:22-66
91
92    <application
92-->src/main/AndroidManifest.xml:29:5-174:19
93        android:name="com.financeflow.application.Myapp"
93-->src/main/AndroidManifest.xml:30:9-42
94        android:allowBackup="true"
94-->src/main/AndroidManifest.xml:31:9-35
95        android:appComponentFactory="androidx.core.app.CoreComponentFactory"
95-->[androidx.core:core:1.6.0] AndroidManifest.xml:24:18-86
96        android:debuggable="true"
97        android:fullBackupContent="@xml/my_backup_file"
97-->src/main/AndroidManifest.xml:32:9-56
98        android:hardwareAccelerated="true"
98-->src/main/AndroidManifest.xml:38:9-43
99        android:icon="@drawable/ic_launchernew"
99-->src/main/AndroidManifest.xml:33:9-48
100        android:label="@string/app_name"
100-->src/main/AndroidManifest.xml:34:9-41
101        android:largeHeap="true"
101-->src/main/AndroidManifest.xml:37:9-33
102        android:requestLegacyExternalStorage="true"
102-->src/main/AndroidManifest.xml:39:9-52
103        android:roundIcon="@drawable/ic_launchernew"
103-->src/main/AndroidManifest.xml:35:9-53
104        android:supportsRtl="true"
104-->src/main/AndroidManifest.xml:36:9-35
105        android:testOnly="true"
106        android:theme="@style/Theme.Finance_flow"
106-->src/main/AndroidManifest.xml:42:9-50
107        android:usesCleartextTraffic="true" >
107-->src/main/AndroidManifest.xml:41:9-44
108        <activity
108-->src/main/AndroidManifest.xml:45:9-54:20
109            android:name="com.financeflow.screen.Splash"
109-->src/main/AndroidManifest.xml:45:19-63
110            android:exported="true"
110-->src/main/AndroidManifest.xml:47:13-36
111            android:screenOrientation="portrait" >
111-->src/main/AndroidManifest.xml:46:13-49
112            <intent-filter>
112-->src/main/AndroidManifest.xml:49:13-53:29
113                <action android:name="android.intent.action.MAIN" />
113-->src/main/AndroidManifest.xml:50:17-69
113-->src/main/AndroidManifest.xml:50:25-66
114
115                <category android:name="android.intent.category.LAUNCHER" />
115-->src/main/AndroidManifest.xml:52:17-77
115-->src/main/AndroidManifest.xml:52:27-74
116            </intent-filter>
117        </activity>
118        <activity
118-->src/main/AndroidManifest.xml:56:9-60:15
119            android:name="com.financeflow.screen.LoginActivity"
119-->src/main/AndroidManifest.xml:56:19-70
120            android:exported="true"
120-->src/main/AndroidManifest.xml:58:13-36
121            android:screenOrientation="portrait" />
121-->src/main/AndroidManifest.xml:57:13-49
122        <activity
122-->src/main/AndroidManifest.xml:61:9-64:15
123            android:name="com.financeflow.screen.SignupActivity"
123-->src/main/AndroidManifest.xml:61:19-71
124            android:exported="true"
124-->src/main/AndroidManifest.xml:63:13-36
125            android:screenOrientation="portrait" />
125-->src/main/AndroidManifest.xml:62:13-49
126        <activity
126-->src/main/AndroidManifest.xml:66:9-70:15
127            android:name="com.financeflow.screen.ForgotPasswordActivity"
127-->src/main/AndroidManifest.xml:66:19-79
128            android:exported="true"
128-->src/main/AndroidManifest.xml:68:13-36
129            android:screenOrientation="portrait" />
129-->src/main/AndroidManifest.xml:67:13-49
130        <activity
130-->src/main/AndroidManifest.xml:72:9-76:15
131            android:name="com.financeflow.screen.ForgotPasswordOtpActivity"
131-->src/main/AndroidManifest.xml:72:19-82
132            android:exported="true"
132-->src/main/AndroidManifest.xml:74:13-36
133            android:screenOrientation="portrait" />
133-->src/main/AndroidManifest.xml:73:13-49
134        <activity
134-->src/main/AndroidManifest.xml:78:9-82:15
135            android:name="com.financeflow.screen.ForgotPasswordNew"
135-->src/main/AndroidManifest.xml:78:19-74
136            android:exported="true"
136-->src/main/AndroidManifest.xml:80:13-36
137            android:screenOrientation="portrait" />
137-->src/main/AndroidManifest.xml:79:13-49
138        <activity
138-->src/main/AndroidManifest.xml:84:9-88:15
139            android:name="com.financeflow.screen.BudgetActivity"
139-->src/main/AndroidManifest.xml:84:19-71
140            android:exported="true"
140-->src/main/AndroidManifest.xml:86:13-36
141            android:screenOrientation="portrait" />
141-->src/main/AndroidManifest.xml:85:13-49
142        <activity
142-->src/main/AndroidManifest.xml:90:9-94:15
143            android:name="com.financeflow.screen.BudgetListActivity"
143-->src/main/AndroidManifest.xml:90:19-75
144            android:exported="true"
144-->src/main/AndroidManifest.xml:92:13-36
145            android:screenOrientation="portrait" />
145-->src/main/AndroidManifest.xml:91:13-49
146        <activity
146-->src/main/AndroidManifest.xml:96:9-100:15
147            android:name="com.financeflow.screen.UpdateBudgetActivity"
147-->src/main/AndroidManifest.xml:96:19-77
148            android:exported="true"
148-->src/main/AndroidManifest.xml:98:13-36
149            android:screenOrientation="portrait" />
149-->src/main/AndroidManifest.xml:97:13-49
150        <activity
150-->src/main/AndroidManifest.xml:102:9-106:15
151            android:name="com.financeflow.screen.IncomeActivity"
151-->src/main/AndroidManifest.xml:102:19-71
152            android:exported="true"
152-->src/main/AndroidManifest.xml:104:13-36
153            android:screenOrientation="portrait" />
153-->src/main/AndroidManifest.xml:103:13-49
154        <activity
154-->src/main/AndroidManifest.xml:108:9-112:15
155            android:name="com.financeflow.screen.IncomeListActivity"
155-->src/main/AndroidManifest.xml:108:19-75
156            android:exported="true"
156-->src/main/AndroidManifest.xml:110:13-36
157            android:screenOrientation="portrait" />
157-->src/main/AndroidManifest.xml:109:13-49
158        <activity
158-->src/main/AndroidManifest.xml:113:9-117:15
159            android:name="com.financeflow.screen.UpdateIncomeActivity"
159-->src/main/AndroidManifest.xml:113:19-77
160            android:exported="true"
160-->src/main/AndroidManifest.xml:115:13-36
161            android:screenOrientation="portrait" />
161-->src/main/AndroidManifest.xml:114:13-49
162        <activity
162-->src/main/AndroidManifest.xml:119:9-123:15
163            android:name="com.financeflow.screen.HomeActivity"
163-->src/main/AndroidManifest.xml:119:19-69
164            android:exported="true"
164-->src/main/AndroidManifest.xml:121:13-36
165            android:screenOrientation="portrait" />
165-->src/main/AndroidManifest.xml:120:13-49
166        <activity
166-->src/main/AndroidManifest.xml:124:9-128:15
167            android:name="com.financeflow.screen.GoalListActivity"
167-->src/main/AndroidManifest.xml:124:19-73
168            android:exported="true"
168-->src/main/AndroidManifest.xml:126:13-36
169            android:screenOrientation="portrait" />
169-->src/main/AndroidManifest.xml:125:13-49
170        <activity
170-->src/main/AndroidManifest.xml:130:9-134:15
171            android:name="com.financeflow.screen.GoalActivity"
171-->src/main/AndroidManifest.xml:130:19-69
172            android:exported="true"
172-->src/main/AndroidManifest.xml:132:13-36
173            android:screenOrientation="portrait" />
173-->src/main/AndroidManifest.xml:131:13-49
174        <activity
174-->src/main/AndroidManifest.xml:137:9-141:15
175            android:name="com.financeflow.screen.ExpenseActivity"
175-->src/main/AndroidManifest.xml:137:19-72
176            android:exported="true"
176-->src/main/AndroidManifest.xml:139:13-36
177            android:screenOrientation="portrait" />
177-->src/main/AndroidManifest.xml:138:13-49
178        <activity
178-->src/main/AndroidManifest.xml:143:9-147:15
179            android:name="com.financeflow.screen.ExpenseListActivity"
179-->src/main/AndroidManifest.xml:143:19-76
180            android:exported="true"
180-->src/main/AndroidManifest.xml:145:13-36
181            android:screenOrientation="portrait" />
181-->src/main/AndroidManifest.xml:144:13-49
182        <activity
182-->src/main/AndroidManifest.xml:149:9-153:15
183            android:name="com.financeflow.screen.UpdateGoalActivity"
183-->src/main/AndroidManifest.xml:149:19-75
184            android:exported="true"
184-->src/main/AndroidManifest.xml:151:13-36
185            android:screenOrientation="portrait" />
185-->src/main/AndroidManifest.xml:150:13-49
186        <activity
186-->src/main/AndroidManifest.xml:155:9-159:15
187            android:name="com.financeflow.screen.UpdateExpenseActivity"
187-->src/main/AndroidManifest.xml:155:19-78
188            android:exported="true"
188-->src/main/AndroidManifest.xml:157:13-36
189            android:screenOrientation="portrait" />
189-->src/main/AndroidManifest.xml:156:13-49
190        <activity
190-->src/main/AndroidManifest.xml:161:9-165:15
191            android:name="com.financeflow.screen.NotificationListActivity"
191-->src/main/AndroidManifest.xml:161:19-81
192            android:exported="true"
192-->src/main/AndroidManifest.xml:163:13-36
193            android:screenOrientation="portrait" />
193-->src/main/AndroidManifest.xml:162:13-49
194        <activity
194-->src/main/AndroidManifest.xml:167:9-171:15
195            android:name="com.financeflow.screen.ProfileActivity"
195-->src/main/AndroidManifest.xml:167:19-72
196            android:exported="true"
196-->src/main/AndroidManifest.xml:169:13-36
197            android:screenOrientation="portrait" />
197-->src/main/AndroidManifest.xml:168:13-49
198        <activity
198-->[in.payu:payu-checkout-pro-ui:1.7.2] AndroidManifest.xml:18:9-20:52
199            android:name="com.payu.ui.view.activities.CheckoutActivity"
199-->[in.payu:payu-checkout-pro-ui:1.7.2] AndroidManifest.xml:19:13-72
200            android:screenOrientation="portrait" />
200-->[in.payu:payu-checkout-pro-ui:1.7.2] AndroidManifest.xml:20:13-49
201
202        <meta-data
202-->[in.payu:payu-checkout-pro-ui:1.7.2] AndroidManifest.xml:22:9-24:57
203            android:name="preloaded_fonts"
203-->[in.payu:payu-checkout-pro-ui:1.7.2] AndroidManifest.xml:23:13-43
204            android:resource="@array/preloaded_fonts" />
204-->[in.payu:payu-checkout-pro-ui:1.7.2] AndroidManifest.xml:24:13-54
205
206        <activity android:name="com.netcore.android.smartechappinbox.views.activity.SMTInboxActivity" />
206-->[com.netcore.android:smartech-appinbox:3.2.3] AndroidManifest.xml:12:9-105
206-->[com.netcore.android:smartech-appinbox:3.2.3] AndroidManifest.xml:12:19-102
207
208        <service
208-->[com.netcore.android:smartech-appinbox:3.2.3] AndroidManifest.xml:14:9-16:40
209            android:name="com.netcore.android.smartechappinbox.helpers.SMTInboxAudioPlayerService"
209-->[com.netcore.android:smartech-appinbox:3.2.3] AndroidManifest.xml:15:13-99
210            android:exported="false" />
210-->[com.netcore.android:smartech-appinbox:3.2.3] AndroidManifest.xml:16:13-37
211
212        <activity
212-->[in.payu:payu-custom-browser:7.9.0] AndroidManifest.xml:18:9-21:63
213            android:name="com.payu.custombrowser.CBActivity"
213-->[in.payu:payu-custom-browser:7.9.0] AndroidManifest.xml:19:13-61
214            android:screenOrientation="portrait"
214-->[in.payu:payu-custom-browser:7.9.0] AndroidManifest.xml:20:13-49
215            android:windowSoftInputMode="stateAlwaysHidden" />
215-->[in.payu:payu-custom-browser:7.9.0] AndroidManifest.xml:21:13-60
216
217        <service android:name="com.payu.custombrowser.services.SnoozeService" />
217-->[in.payu:payu-custom-browser:7.9.0] AndroidManifest.xml:23:9-81
217-->[in.payu:payu-custom-browser:7.9.0] AndroidManifest.xml:23:18-78
218
219        <activity
219-->[in.payu:upisdk:1.5.3] AndroidManifest.xml:63:9-66:63
220            android:name="com.payu.upisdk.upiintent.PaymentResponseUpiSdkActivity"
220-->[in.payu:upisdk:1.5.3] AndroidManifest.xml:64:13-83
221            android:theme="@style/Theme.AppCompat.Transparent.NoActionBar"
221-->[in.payu:upisdk:1.5.3] AndroidManifest.xml:65:13-75
222            android:windowSoftInputMode="stateAlwaysHidden" />
222-->[in.payu:upisdk:1.5.3] AndroidManifest.xml:66:13-60
223
224        <provider
224-->[in.payu:payu-crash-logger:1.0.4] AndroidManifest.xml:16:9-24:20
225            android:name="androidx.startup.InitializationProvider"
225-->[in.payu:payu-crash-logger:1.0.4] AndroidManifest.xml:17:13-67
226            android:authorities="com.financeflow.androidx-startup"
226-->[in.payu:payu-crash-logger:1.0.4] AndroidManifest.xml:18:13-68
227            android:exported="false" >
227-->[in.payu:payu-crash-logger:1.0.4] AndroidManifest.xml:19:13-37
228            <meta-data
228-->[in.payu:payu-crash-logger:1.0.4] AndroidManifest.xml:21:13-23:52
229                android:name="com.payu.crashlogger.CrashProviderInitializer"
229-->[in.payu:payu-crash-logger:1.0.4] AndroidManifest.xml:22:17-77
230                android:value="androidx.startup" />
230-->[in.payu:payu-crash-logger:1.0.4] AndroidManifest.xml:23:17-49
231            <meta-data
231-->[androidx.work:work-runtime:2.7.0-alpha05] AndroidManifest.xml:36:13-38:52
232                android:name="androidx.work.WorkManagerInitializer"
232-->[androidx.work:work-runtime:2.7.0-alpha05] AndroidManifest.xml:37:17-68
233                android:value="androidx.startup" />
233-->[androidx.work:work-runtime:2.7.0-alpha05] AndroidManifest.xml:38:17-49
234        </provider>
235
236        <receiver
236-->[com.netcore.android:smartech-push:3.2.3] AndroidManifest.xml:17:9-24:20
237            android:name="com.netcore.android.smartechpush.notification.SMTPNActionReceiver"
237-->[com.netcore.android:smartech-push:3.2.3] AndroidManifest.xml:18:13-93
238            android:enabled="true"
238-->[com.netcore.android:smartech-push:3.2.3] AndroidManifest.xml:19:13-35
239            android:exported="false" >
239-->[com.netcore.android:smartech-push:3.2.3] AndroidManifest.xml:20:13-37
240            <intent-filter>
240-->[com.netcore.android:smartech-push:3.2.3] AndroidManifest.xml:21:13-23:29
241                <action android:name="com.netcore.android.notif_action_delete" />
241-->[com.netcore.android:smartech-push:3.2.3] AndroidManifest.xml:22:17-82
241-->[com.netcore.android:smartech-push:3.2.3] AndroidManifest.xml:22:25-79
242            </intent-filter>
243        </receiver>
244        <receiver
244-->[com.netcore.android:smartech-push:3.2.3] AndroidManifest.xml:25:9-28:40
245            android:name="com.netcore.android.smartechpush.notification.SMTScheduledPNReceiver"
245-->[com.netcore.android:smartech-push:3.2.3] AndroidManifest.xml:26:13-96
246            android:enabled="true"
246-->[com.netcore.android:smartech-push:3.2.3] AndroidManifest.xml:27:13-35
247            android:exported="false" />
247-->[com.netcore.android:smartech-push:3.2.3] AndroidManifest.xml:28:13-37
248
249        <service
249-->[com.netcore.android:smartech-push:3.2.3] AndroidManifest.xml:30:9-33:72
250            android:name="com.netcore.android.smartechpush.notification.services.SMTScheduledNotificationService"
250-->[com.netcore.android:smartech-push:3.2.3] AndroidManifest.xml:31:13-114
251            android:exported="false"
251-->[com.netcore.android:smartech-push:3.2.3] AndroidManifest.xml:32:13-37
252            android:permission="android.permission.BIND_JOB_SERVICE" />
252-->[com.netcore.android:smartech-push:3.2.3] AndroidManifest.xml:33:13-69
253        <service
253-->[com.netcore.android:smartech-push:3.2.3] AndroidManifest.xml:34:9-37:72
254            android:name="com.netcore.android.smartechpush.notification.services.SMTAlarmService"
254-->[com.netcore.android:smartech-push:3.2.3] AndroidManifest.xml:35:13-98
255            android:exported="false"
255-->[com.netcore.android:smartech-push:3.2.3] AndroidManifest.xml:36:13-37
256            android:permission="android.permission.BIND_JOB_SERVICE" />
256-->[com.netcore.android:smartech-push:3.2.3] AndroidManifest.xml:37:13-69
257        <service
257-->[com.netcore.android:smartech-push:3.2.3] AndroidManifest.xml:38:9-40:40
258            android:name="com.netcore.android.smartechpush.notification.audio.SMTMusicService"
258-->[com.netcore.android:smartech-push:3.2.3] AndroidManifest.xml:39:13-95
259            android:exported="false" />
259-->[com.netcore.android:smartech-push:3.2.3] AndroidManifest.xml:40:13-37
260
261        <receiver
261-->[com.netcore.android:smartech-sdk:3.2.8] AndroidManifest.xml:17:9-29:20
262            android:name="com.netcore.android.notification.SMTBootPNReceiver"
262-->[com.netcore.android:smartech-sdk:3.2.8] AndroidManifest.xml:18:13-78
263            android:directBootAware="false"
263-->[com.netcore.android:smartech-sdk:3.2.8] AndroidManifest.xml:19:13-44
264            android:enabled="true"
264-->[com.netcore.android:smartech-sdk:3.2.8] AndroidManifest.xml:20:13-35
265            android:exported="false"
265-->[com.netcore.android:smartech-sdk:3.2.8] AndroidManifest.xml:21:13-37
266            android:permission="android.permission.RECEIVE_BOOT_COMPLETED" >
266-->[com.netcore.android:smartech-sdk:3.2.8] AndroidManifest.xml:22:13-75
267            <intent-filter>
267-->[com.netcore.android:smartech-sdk:3.2.8] AndroidManifest.xml:23:13-28:29
268                <action android:name="android.intent.action.LOCKED_BOOT_COMPLETED" />
268-->[com.netcore.android:smartech-sdk:3.2.8] AndroidManifest.xml:24:17-86
268-->[com.netcore.android:smartech-sdk:3.2.8] AndroidManifest.xml:24:25-83